This is pdfTeX, Version 3.14159265-2.6-1.40.19 (TeX Live 2018) (preloaded format=pdflatex 2018.8.7)  30 MAR 2019 05:36
entering extended mode
 restricted \write18 enabled.
 %&-line parsing enabled.
**acl2019.tex
(./acl2019.tex
LaTeX2e <2018-04-01> patch level 2
Babel <3.18> and hyphenation patterns for 84 language(s) loaded.
(/usr/local/texlive/2018/texmf-dist/tex/latex/base/article.cls
Document Class: article 2014/09/29 v1.4h Standard LaTeX document class
(/usr/local/texlive/2018/texmf-dist/tex/latex/base/size11.clo
File: size11.clo 2014/09/29 v1.4h Standard LaTeX file (size option)
)
\c@part=\count80
\c@section=\count81
\c@subsection=\count82
\c@subsubsection=\count83
\c@paragraph=\count84
\c@subparagraph=\count85
\c@figure=\count86
\c@table=\count87
\abovecaptionskip=\skip41
\belowcaptionskip=\skip42
\bibindent=\dimen102
) (./acl2019.sty
(/usr/local/texlive/2018/texmf-dist/tex/latex/hyperref/hyperref.sty
Package: hyperref 2018/02/06 v6.86b Hypertext links for LaTeX

(/usr/local/texlive/2018/texmf-dist/tex/generic/oberdiek/hobsub-hyperref.sty
Package: hobsub-hyperref 2016/05/16 v1.14 Bundle oberdiek, subset hyperref (HO)


(/usr/local/texlive/2018/texmf-dist/tex/generic/oberdiek/hobsub-generic.sty
Package: hobsub-generic 2016/05/16 v1.14 Bundle oberdiek, subset generic (HO)
Package: hobsub 2016/05/16 v1.14 Construct package bundles (HO)
Package: infwarerr 2016/05/16 v1.4 Providing info/warning/error messages (HO)
Package: ltxcmds 2016/05/16 v1.23 LaTeX kernel commands for general use (HO)
Package: ifluatex 2016/05/16 v1.4 Provides the ifluatex switch (HO)
Package ifluatex Info: LuaTeX not detected.
Package: ifvtex 2016/05/16 v1.6 Detect VTeX and its facilities (HO)
Package ifvtex Info: VTeX not detected.
Package: intcalc 2016/05/16 v1.2 Expandable calculations with integers (HO)
Package: ifpdf 2017/03/15 v3.2 Provides the ifpdf switch
Package: etexcmds 2016/05/16 v1.6 Avoid name clashes with e-TeX commands (HO)
Package etexcmds Info: Could not find \expanded.
(etexcmds)             That can mean that you are not using pdfTeX 1.50 or
(etexcmds)             that some package has redefined \expanded.
(etexcmds)             In the latter case, load this package earlier.
Package: kvsetkeys 2016/05/16 v1.17 Key value parser (HO)
Package: kvdefinekeys 2016/05/16 v1.4 Define keys (HO)
Package: pdftexcmds 2018/01/30 v0.27 Utility functions of pdfTeX for LuaTeX (HO
)
Package pdftexcmds Info: LuaTeX not detected.
Package pdftexcmds Info: \pdf@primitive is available.
Package pdftexcmds Info: \pdf@ifprimitive is available.
Package pdftexcmds Info: \pdfdraftmode found.
Package: pdfescape 2016/05/16 v1.14 Implements pdfTeX's escape features (HO)
Package: bigintcalc 2016/05/16 v1.4 Expandable calculations on big integers (HO
)
Package: bitset 2016/05/16 v1.2 Handle bit-vector datatype (HO)
Package: uniquecounter 2016/05/16 v1.3 Provide unlimited unique counter (HO)
)
Package hobsub Info: Skipping package `hobsub' (already loaded).
Package: letltxmacro 2016/05/16 v1.5 Let assignment for LaTeX macros (HO)
Package: hopatch 2016/05/16 v1.3 Wrapper for package hooks (HO)
Package: xcolor-patch 2016/05/16 xcolor patch
Package: atveryend 2016/05/16 v1.9 Hooks at the very end of document (HO)
Package atveryend Info: \enddocument detected (standard20110627).
Package: atbegshi 2016/06/09 v1.18 At begin shipout hook (HO)
Package: refcount 2016/05/16 v3.5 Data extraction from label references (HO)
Package: hycolor 2016/05/16 v1.8 Color options for hyperref/bookmark (HO)
)
(/usr/local/texlive/2018/texmf-dist/tex/latex/graphics/keyval.sty
Package: keyval 2014/10/28 v1.15 key=value parser (DPC)
\KV@toks@=\toks14
)
(/usr/local/texlive/2018/texmf-dist/tex/generic/ifxetex/ifxetex.sty
Package: ifxetex 2010/09/12 v0.6 Provides ifxetex conditional
)
(/usr/local/texlive/2018/texmf-dist/tex/latex/oberdiek/auxhook.sty
Package: auxhook 2016/05/16 v1.4 Hooks for auxiliary files (HO)
)
(/usr/local/texlive/2018/texmf-dist/tex/latex/oberdiek/kvoptions.sty
Package: kvoptions 2016/05/16 v3.12 Key value format for package options (HO)
)
\@linkdim=\dimen103
\Hy@linkcounter=\count88
\Hy@pagecounter=\count89

(/usr/local/texlive/2018/texmf-dist/tex/latex/hyperref/pd1enc.def
File: pd1enc.def 2018/02/06 v6.86b Hyperref: PDFDocEncoding definition (HO)
Now handling font encoding PD1 ...
... no UTF-8 mapping file for font encoding PD1
)
\Hy@SavedSpaceFactor=\count90

(/usr/local/texlive/2018/texmf-dist/tex/latex/latexconfig/hyperref.cfg
File: hyperref.cfg 2002/06/06 v1.2 hyperref configuration of TeXLive
)
Package hyperref Info: Hyper figures OFF on input line 4509.
Package hyperref Info: Link nesting OFF on input line 4514.
Package hyperref Info: Hyper index ON on input line 4517.
Package hyperref Info: Plain pages OFF on input line 4524.
Package hyperref Info: Backreferencing OFF on input line 4529.
Package hyperref Info: Implicit mode ON; LaTeX internals redefined.
Package hyperref Info: Bookmarks ON on input line 4762.
\c@Hy@tempcnt=\count91

(/usr/local/texlive/2018/texmf-dist/tex/latex/url/url.sty
\Urlmuskip=\muskip10
Package: url 2013/09/16  ver 3.4  Verb mode for urls, etc.
)
LaTeX Info: Redefining \url on input line 5115.
\XeTeXLinkMargin=\dimen104
\Fld@menulength=\count92
\Field@Width=\dimen105
\Fld@charsize=\dimen106
Package hyperref Info: Hyper figures OFF on input line 6369.
Package hyperref Info: Link nesting OFF on input line 6374.
Package hyperref Info: Hyper index ON on input line 6377.
Package hyperref Info: backreferencing OFF on input line 6384.
Package hyperref Info: Link coloring OFF on input line 6389.
Package hyperref Info: Link coloring with OCG OFF on input line 6394.
Package hyperref Info: PDF/A mode OFF on input line 6399.
LaTeX Info: Redefining \ref on input line 6439.
LaTeX Info: Redefining \pageref on input line 6443.
\Hy@abspage=\count93
\c@Item=\count94
\c@Hfootnote=\count95
)
Package hyperref Info: Driver (autodetected): hpdftex.

(/usr/local/texlive/2018/texmf-dist/tex/latex/hyperref/hpdftex.def
File: hpdftex.def 2018/02/06 v6.86b Hyperref driver for pdfTeX
\Fld@listcount=\count96
\c@bookmark@seq@number=\count97

(/usr/local/texlive/2018/texmf-dist/tex/latex/oberdiek/rerunfilecheck.sty
Package: rerunfilecheck 2016/05/16 v1.8 Rerun checks for auxiliary files (HO)
Package uniquecounter Info: New unique counter `rerunfilecheck' on input line 2
82.
)
\Hy@SectionHShift=\skip43
)
(/usr/local/texlive/2018/texmf-dist/tex/latex/xcolor/xcolor.sty
Package: xcolor 2016/05/11 v2.12 LaTeX color extensions (UK)

(/usr/local/texlive/2018/texmf-dist/tex/latex/graphics-cfg/color.cfg
File: color.cfg 2016/01/02 v1.6 sample color configuration
)
Package xcolor Info: Driver file: pdftex.def on input line 225.

(/usr/local/texlive/2018/texmf-dist/tex/latex/graphics-def/pdftex.def
File: pdftex.def 2018/01/08 v1.0l Graphics/color driver for pdftex
)
Package xcolor Info: Model `cmy' substituted by `cmy0' on input line 1348.
Package xcolor Info: Model `hsb' substituted by `rgb' on input line 1352.
Package xcolor Info: Model `RGB' extended on input line 1364.
Package xcolor Info: Model `HTML' substituted by `rgb' on input line 1366.
Package xcolor Info: Model `Hsb' substituted by `hsb' on input line 1367.
Package xcolor Info: Model `tHsb' substituted by `hsb' on input line 1368.
Package xcolor Info: Model `HSB' substituted by `hsb' on input line 1369.
Package xcolor Info: Model `Gray' substituted by `gray' on input line 1370.
Package xcolor Info: Model `wave' substituted by `hsb' on input line 1371.
)
Package hyperref Info: Option `colorlinks' set `true' on input line 105.

Conference Style for ACL 2019
\titlebox=\skip44
\aclrulerbox=\box26
\aclrulercount=\count98
\aclruleroffset=\dimen107
\cv@lineheight=\dimen108
\cv@boxheight=\dimen109
\cv@tmpbox=\box27
\cv@refno=\count99
\cv@tot=\count100
\cv@tmpc@=\count101
\cv@tmpc=\count102
(/usr/local/texlive/2018/texmf-dist/tex/latex/caption/caption.sty
Package: caption 2016/02/21 v3.3-144 Customizing captions (AR)

(/usr/local/texlive/2018/texmf-dist/tex/latex/caption/caption3.sty
Package: caption3 2016/05/22 v1.7-166 caption3 kernel (AR)
Package caption3 Info: TeX engine: e-TeX on input line 67.
\captionmargin=\dimen110
\captionmargin@=\dimen111
\captionwidth=\dimen112
\caption@tempdima=\dimen113
\caption@indent=\dimen114
\caption@parindent=\dimen115
\caption@hangindent=\dimen116
)
\c@ContinuedFloat=\count103
Package caption Info: hyperref package is loaded.
)
(/usr/local/texlive/2018/texmf-dist/tex/latex/natbib/natbib.sty
Package: natbib 2010/09/13 8.31b (PWD, AO)
\bibhang=\skip45
\bibsep=\skip46
LaTeX Info: Redefining \cite on input line 694.
\c@NAT@ctr=\count104
)
(/usr/local/texlive/2018/texmf-dist/tex/latex/etoolbox/etoolbox.sty
Package: etoolbox 2018/02/11 v2.5e e-TeX tools for LaTeX (JAW)
\etb@tempcnta=\count105
))
(/usr/local/texlive/2018/texmf-dist/tex/latex/psnfss/times.sty
Package: times 2005/04/12 PSNFSS-v9.2a (SPQR) 
)
(/usr/local/texlive/2018/texmf-dist/tex/latex/base/latexsym.sty
Package: latexsym 1998/08/17 v2.2e Standard LaTeX package (lasy symbols)
\symlasy=\mathgroup4
LaTeX Font Info:    Overwriting symbol font `lasy' in version `bold'
(Font)                  U/lasy/m/n --> U/lasy/b/n on input line 52.
)
(/usr/local/texlive/2018/texmf-dist/tex/latex/graphics/graphicx.sty
Package: graphicx 2017/06/01 v1.1a Enhanced LaTeX Graphics (DPC,SPQR)

(/usr/local/texlive/2018/texmf-dist/tex/latex/graphics/graphics.sty
Package: graphics 2017/06/25 v1.2c Standard LaTeX Graphics (DPC,SPQR)

(/usr/local/texlive/2018/texmf-dist/tex/latex/graphics/trig.sty
Package: trig 2016/01/03 v1.10 sin cos tan (DPC)
)
(/usr/local/texlive/2018/texmf-dist/tex/latex/graphics-cfg/graphics.cfg
File: graphics.cfg 2016/06/04 v1.11 sample graphics configuration
)
Package graphics Info: Driver file: pdftex.def on input line 99.
)
\Gin@req@height=\dimen117
\Gin@req@width=\dimen118
)
(./acl2019.aux)
\openout1 = `acl2019.aux'.

LaTeX Font Info:    Checking defaults for OML/cmm/m/it on input line 21.
LaTeX Font Info:    ... okay on input line 21.
LaTeX Font Info:    Checking defaults for T1/cmr/m/n on input line 21.
LaTeX Font Info:    ... okay on input line 21.
LaTeX Font Info:    Checking defaults for OT1/cmr/m/n on input line 21.
LaTeX Font Info:    ... okay on input line 21.
LaTeX Font Info:    Checking defaults for OMS/cmsy/m/n on input line 21.
LaTeX Font Info:    ... okay on input line 21.
LaTeX Font Info:    Checking defaults for OMX/cmex/m/n on input line 21.
LaTeX Font Info:    ... okay on input line 21.
LaTeX Font Info:    Checking defaults for U/cmr/m/n on input line 21.
LaTeX Font Info:    ... okay on input line 21.
LaTeX Font Info:    Checking defaults for PD1/pdf/m/n on input line 21.
LaTeX Font Info:    ... okay on input line 21.
LaTeX Font Info:    Try loading font information for OT1+ptm on input line 21.
 (/usr/local/texlive/2018/texmf-dist/tex/latex/psnfss/ot1ptm.fd
File: ot1ptm.fd 2001/06/04 font definitions for OT1/ptm.
)
\AtBeginShipoutBox=\box28
Package hyperref Info: Link coloring ON on input line 21.
(/usr/local/texlive/2018/texmf-dist/tex/latex/hyperref/nameref.sty
Package: nameref 2016/05/21 v2.44 Cross-referencing by name of section

(/usr/local/texlive/2018/texmf-dist/tex/generic/oberdiek/gettitlestring.sty
Package: gettitlestring 2016/05/16 v1.5 Cleanup title references (HO)
)
\c@section@level=\count106
)
LaTeX Info: Redefining \ref on input line 21.
LaTeX Info: Redefining \pageref on input line 21.
LaTeX Info: Redefining \nameref on input line 21.

(./acl2019.out) (./acl2019.out)
\@outlinefile=\write3
\openout3 = `acl2019.out'.


(/usr/local/texlive/2018/texmf-dist/tex/context/base/mkii/supp-pdf.mkii
[Loading MPS to PDF converter (version 2006.09.02).]
\scratchcounter=\count107
\scratchdimen=\dimen119
\scratchbox=\box29
\nofMPsegments=\count108
\nofMParguments=\count109
\everyMPshowfont=\toks15
\MPscratchCnt=\count110
\MPscratchDim=\dimen120
\MPnumerator=\count111
\makeMPintoPDFobject=\count112
\everyMPtoPDFconversion=\toks16
) (/usr/local/texlive/2018/texmf-dist/tex/latex/oberdiek/epstopdf-base.sty
Package: epstopdf-base 2016/05/15 v2.6 Base part for package epstopdf

(/usr/local/texlive/2018/texmf-dist/tex/latex/oberdiek/grfext.sty
Package: grfext 2016/05/16 v1.2 Manage graphics extensions (HO)
)
Package epstopdf-base Info: Redefining graphics rule for `.eps' on input line 4
38.
Package grfext Info: Graphics extension search list:
(grfext)             [.pdf,.png,.jpg,.mps,.jpeg,.jbig2,.jb2,.PDF,.PNG,.JPG,.JPE
G,.JBIG2,.JB2,.eps]
(grfext)             \AppendGraphicsExtensions on input line 456.

(/usr/local/texlive/2018/texmf-dist/tex/latex/latexconfig/epstopdf-sys.cfg
File: epstopdf-sys.cfg 2010/07/13 v1.3 Configuration of (r)epstopdf for TeX Liv
e
))
ABD: EveryShipout initializing macros
Package caption Info: Begin \AtBeginDocument code.
Package caption Info: End \AtBeginDocument code.
LaTeX Font Info:    Font shape `OT1/ptm/bx/n' in size <14.4> not available
(Font)              Font shape `OT1/ptm/b/n' tried instead on input line 22.
LaTeX Font Info:    External font `cmex10' loaded for size
(Font)              <12> on input line 22.
LaTeX Font Info:    External font `cmex10' loaded for size
(Font)              <8> on input line 22.
LaTeX Font Info:    External font `cmex10' loaded for size
(Font)              <6> on input line 22.
LaTeX Font Info:    Try loading font information for U+lasy on input line 22.

(/usr/local/texlive/2018/texmf-dist/tex/latex/base/ulasy.fd
File: ulasy.fd 1998/08/17 v2.2e LaTeX symbol font definitions
)
LaTeX Font Info:    Font shape `OT1/ptm/bx/n' in size <12> not available
(Font)              Font shape `OT1/ptm/b/n' tried instead on input line 22.
LaTeX Font Info:    Try loading font information for OT1+pcr on input line 22.

(/usr/local/texlive/2018/texmf-dist/tex/latex/psnfss/ot1pcr.fd
File: ot1pcr.fd 2001/06/04 font definitions for OT1/pcr.
)
LaTeX Font Info:    Font shape `OT1/ptm/bx/n' in size <10.95> not available
(Font)              Font shape `OT1/ptm/b/n' tried instead on input line 33.


Package natbib Warning: Citation `WMT' on page 1 undefined on input line 33.

LaTeX Font Info:    External font `cmex10' loaded for size
(Font)              <10.95> on input line 33.

Package natbib Warning: Citation `ufal' on page 1 undefined on input line 34.


Underfull \hbox (badness 2418) in paragraph at lines 33--36
\OT1/ptm/m/n/10.95 The English-German dataset was taken from
 []


Package natbib Warning: Citation `224n' on page 1 undefined on input line 38.


LaTeX Warning: `h' float specifier changed to `ht'.

<hi_mul_loss_1.png, id=6, 462.528pt x 346.896pt>
File: hi_mul_loss_1.png Graphic file (type png)
<use hi_mul_loss_1.png>
Package pdftex.def Info: hi_mul_loss_1.png  used on input line 64.
(pdftex.def)             Requested size: 219.08612pt x 164.31679pt.
<hi_mul_ppl_1.png, id=9, 462.528pt x 346.896pt>
File: hi_mul_ppl_1.png Graphic file (type png)
<use hi_mul_ppl_1.png>
Package pdftex.def Info: hi_mul_ppl_1.png  used on input line 78.
(pdftex.def)             Requested size: 219.08612pt x 164.31679pt.

Underfull \hbox (badness 1762) in paragraph at lines 91--93
\OT1/ptm/m/n/10.95 The model with scaled dot prod-uct at-ten-tion
 []

<hi_dot_loss_1.png, id=11, 462.528pt x 346.896pt>
File: hi_dot_loss_1.png Graphic file (type png)
<use hi_dot_loss_1.png>
Package pdftex.def Info: hi_dot_loss_1.png  used on input line 95.
(pdftex.def)             Requested size: 219.08612pt x 164.31679pt.
[1{/usr/local/texlive/2018/texmf-var/fonts/map/pdftex/updmap/pdftex.map}



 <./hi_mul_loss_1.png>]
<hi_dot_ppl_1.png, id=33, 462.528pt x 346.896pt>
File: hi_dot_ppl_1.png Graphic file (type png)
<use hi_dot_ppl_1.png>
Package pdftex.def Info: hi_dot_ppl_1.png  used on input line 110.
(pdftex.def)             Requested size: 219.08612pt x 164.31679pt.
<hi_add_loss_1.png, id=35, 462.528pt x 346.896pt>
File: hi_add_loss_1.png Graphic file (type png)
<use hi_add_loss_1.png>
Package pdftex.def Info: hi_add_loss_1.png  used on input line 129.
(pdftex.def)             Requested size: 219.08612pt x 164.31679pt.
<hi_add_ppl_1.png, id=37, 462.528pt x 346.896pt>
File: hi_add_ppl_1.png Graphic file (type png)
<use hi_add_ppl_1.png>
Package pdftex.def Info: hi_add_ppl_1.png  used on input line 143.
(pdftex.def)             Requested size: 219.08612pt x 164.31679pt.
<hi_key-value_loss_1.png, id=39, 462.528pt x 346.896pt>
File: hi_key-value_loss_1.png Graphic file (type png)
<use hi_key-value_loss_1.png>
Package pdftex.def Info: hi_key-value_loss_1.png  used on input line 162.
(pdftex.def)             Requested size: 219.08612pt x 164.31679pt.
 [2 <./hi_mul_ppl_1.png> <./hi_dot_loss_1.png> <./hi_dot_ppl_1.png> <./hi_add_l
oss_1.png>]
<hi_key-value_ppl_1.png, id=55, 462.528pt x 346.896pt>
File: hi_key-value_ppl_1.png Graphic file (type png)
<use hi_key-value_ppl_1.png>
Package pdftex.def Info: hi_key-value_ppl_1.png  used on input line 177.
(pdftex.def)             Requested size: 219.08612pt x 164.31679pt.
<de_mul_loss_1.png, id=57, 462.528pt x 346.896pt>
File: de_mul_loss_1.png Graphic file (type png)
<use de_mul_loss_1.png>
Package pdftex.def Info: de_mul_loss_1.png  used on input line 202.
(pdftex.def)             Requested size: 219.08612pt x 164.31679pt.
<de_mul_ppl_1.png, id=59, 462.528pt x 346.896pt>
File: de_mul_ppl_1.png Graphic file (type png)
<use de_mul_ppl_1.png>
Package pdftex.def Info: de_mul_ppl_1.png  used on input line 216.
(pdftex.def)             Requested size: 219.08612pt x 164.31679pt.
<de_dot_loss_1.png, id=61, 462.528pt x 346.896pt>
File: de_dot_loss_1.png Graphic file (type png)
<use de_dot_loss_1.png>
Package pdftex.def Info: de_dot_loss_1.png  used on input line 232.
(pdftex.def)             Requested size: 219.08612pt x 164.31679pt.

Underfull \hbox (badness 1762) in paragraph at lines 229--236
\OT1/ptm/m/n/10.95 The model with scaled dot prod-uct at-ten-tion
 []

[3 <./hi_add_ppl_1.png> <./hi_key-value_loss_1.png> <./hi_key-value_ppl_1.png> 
<./de_mul_loss_1.png>]
<de_dot_ppl_1.png, id=76, 462.528pt x 346.896pt>
File: de_dot_ppl_1.png Graphic file (type png)
<use de_dot_ppl_1.png>
Package pdftex.def Info: de_dot_ppl_1.png  used on input line 247.
(pdftex.def)             Requested size: 219.08612pt x 164.31679pt.

Underfull \vbox (badness 10000) has occurred while \output is active []

<de_add_loss_1.png, id=78, 462.528pt x 346.896pt>
File: de_add_loss_1.png Graphic file (type png)
<use de_add_loss_1.png>
Package pdftex.def Info: de_add_loss_1.png  used on input line 267.
(pdftex.def)             Requested size: 219.08612pt x 164.31679pt.
<de_add_ppl_1.png, id=80, 462.528pt x 346.896pt>
File: de_add_ppl_1.png Graphic file (type png)
<use de_add_ppl_1.png>
Package pdftex.def Info: de_add_ppl_1.png  used on input line 281.
(pdftex.def)             Requested size: 219.08612pt x 164.31679pt.

Underfull \vbox (badness 10000) has occurred while \output is active []

 [4 <./de_mul_ppl_1.png> <./de_dot_loss_1.png> <./de_dot_ppl_1.png> <./de_add_l
oss_1.png>]
<de_key-value_loss_1.png, id=96, 462.528pt x 346.896pt>
File: de_key-value_loss_1.png Graphic file (type png)
<use de_key-value_loss_1.png>
Package pdftex.def Info: de_key-value_loss_1.png  used on input line 300.
(pdftex.def)             Requested size: 219.08612pt x 164.31679pt.
<de_key-value_ppl_1.png, id=98, 462.528pt x 346.896pt>
File: de_key-value_ppl_1.png Graphic file (type png)
<use de_key-value_ppl_1.png>
Package pdftex.def Info: de_key-value_ppl_1.png  used on input line 316.
(pdftex.def)             Requested size: 219.08612pt x 164.31679pt.

Package natbib Warning: Citation `GitHub' on page 5 undefined on input line 336
.

No file acl2019.bbl.

Package natbib Warning: There were undefined citations.

Package atveryend Info: Empty hook `BeforeClearDocument' on input line 341.
[5 <./de_add_ppl_1.png> <./de_key-value_loss_1.png> <./de_key-value_ppl_1.png>]
Package atveryend Info: Empty hook `AfterLastShipout' on input line 341.
(./acl2019.aux)
Package atveryend Info: Executing hook `AtVeryEndDocument' on input line 341.
Package atveryend Info: Executing hook `AtEndAfterFileList' on input line 341.
Package rerunfilecheck Info: File `acl2019.out' has not changed.
(rerunfilecheck)             Checksum: D41D8CD98F00B204E9800998ECF8427E;0.


LaTeX Warning: Label(s) may have changed. Rerun to get cross-references right.

Package atveryend Info: Empty hook `AtVeryVeryEnd' on input line 341.
 )
(\end occurred when \iffalse on line 351 was incomplete) 
Here is how much of TeX's memory you used:
 7415 strings out of 492649
 111013 string characters out of 6129623
 211380 words of memory out of 5000000
 11187 multiletter control sequences out of 15000+600000
 17844 words of font info for 45 fonts, out of 8000000 for 9000
 1141 hyphenation exceptions out of 8191
 43i,10n,40p,1010b,320s stack positions out of 5000i,500n,10000p,200000b,80000s
{/usr/local/texlive/201
8/texmf-dist/fonts/enc/dvips/base/8r.enc}</usr/local/texlive/2018/texmf-dist/fo
nts/type1/public/amsfonts/cm/cmmi10.pfb></usr/local/texlive/2018/texmf-dist/fon
ts/type1/urw/courier/ucrr8a.pfb></usr/local/texlive/2018/texmf-dist/fonts/type1
/urw/times/utmb8a.pfb></usr/local/texlive/2018/texmf-dist/fonts/type1/urw/times
/utmr8a.pfb>
Output written on acl2019.pdf (5 pages, 351067 bytes).
PDF statistics:
 137 PDF objects out of 1000 (max. 8388607)
 93 compressed objects within 1 object stream
 38 named destinations out of 1000 (max. 500000)
 81 words of extra memory for PDF output out of 10000 (max. 10000000)

